Using pre-set license

 COMMAND LINE ARGUMENTS:
/Applications/Unity/Hub/Editor/2020.3.9f1/Unity.app/Contents/MacOS/Unity
-adb2
-batchMode
-noUpm
-name
AssetImportWorker0
-projectPath
/Users/robdick/Documents/GitHub/F20GP-Prototype/Ratcatcher
-logFile
Logs/AssetImportWorker0.log
-srvPort
50857
Successfully changed project path to: /Users/robdick/Documents/GitHub/F20GP-Prototype/Ratcatcher
/Users/robdick/Documents/GitHub/F20GP-Prototype/Ratcatcher
Using Asset Import Pipeline V2.
Refreshing native plugins compatible for Editor in 54.39 ms, found 1 plugins.
Preloading 0 native plugins for Editor in 0.00 ms.
Initialize engine version: 2020.3.9f1 (108be757e447)
[Subsystems] Discovering subsystems at path /Applications/Unity/Hub/Editor/2020.3.9f1/Unity.app/Contents/Resources/UnitySubsystems
[Subsystems] Discovering subsystems at path /Users/robdick/Documents/GitHub/F20GP-Prototype/Ratcatcher/Assets
GfxDevice: creating device client; threaded=0
2022-02-21 21:44:47.049 Unity[6768:123713] Color LCD preferred device: Intel Iris Graphics (low power)
2022-02-21 21:44:47.049 Unity[6768:123713] Metal devices available: 1
2022-02-21 21:44:47.049 Unity[6768:123713] 0: Intel Iris Graphics (low power)
2022-02-21 21:44:47.049 Unity[6768:123713] Using device Intel Iris Graphics (low power)
Initializing Metal device caps: Intel Iris Graphics
Initialize mono
Mono path[0] = '/Applications/Unity/Hub/Editor/2020.3.9f1/Unity.app/Contents/Managed'
Mono path[1] = '/Applications/Unity/Hub/Editor/2020.3.9f1/Unity.app/Contents/MonoBleedingEdge/lib/mono/unityjit'
Mono config path = '/Applications/Unity/Hub/Editor/2020.3.9f1/Unity.app/Contents/MonoBleedingEdge/etc'
Using monoOptions --debugger-agent=transport=dt_socket,embedding=1,server=y,suspend=n,address=127.0.0.1:56768
Begin MonoManager ReloadAssembly
Registering precompiled unity dll's ...
Register platform support module: /Applications/Unity/Hub/Editor/2020.3.9f1/Unity.app/Contents/PlaybackEngines/MacStandaloneSupport/UnityEditor.OSXStandalone.Extensions.dll
Registered in 0.002371 seconds.
Native extension for OSXStandalone target not found
Refreshing native plugins compatible for Editor in 49.90 ms, found 1 plugins.
Preloading 0 native plugins for Editor in 0.00 ms.
Mono: successfully reloaded assembly
- Completed reload, in  2.819 seconds
Platform modules already initialized, skipping
Registering precompiled user dll's ...
Registered in 0.000508 seconds.
Begin MonoManager ReloadAssembly
Native extension for OSXStandalone target not found
Refreshing native plugins compatible for Editor in 3.78 ms, found 1 plugins.
Preloading 0 native plugins for Editor in 0.00 ms.
Mono: successfully reloaded assembly
- Completed reload, in  2.125 seconds
Platform modules already initialized, skipping
========================================================================
Worker process is ready to serve import requests
Launching external process: /Applications/Unity/Hub/Editor/2020.3.9f1/Unity.app/Contents/Tools/UnityShaderCompiler
Launched and connected shader compiler UnityShaderCompiler after 0.02 seconds
Refreshing native plugins compatible for Editor in 0.31 ms, found 1 plugins.
Preloading 0 native plugins for Editor in 0.00 ms.
Unloading 1490 Unused Serialized files (Serialized files now loaded: 0)
System memory in use before: 126.1 MB.
System memory in use after: 126.2 MB.

Unloading 12 unused Assets to reduce memory usage. Loaded Objects now: 1932.
Total: 2.575177 ms (FindLiveObjects: 0.235430 ms CreateObjectMapping: 0.119316 ms MarkObjects: 2.086494 ms  DeleteObjects: 0.132786 ms)

========================================================================
Received Import Request.
  path: Assets/Prefabs/First Person Player.prefab
  artifactKey: Guid(968fd329af66a884d9270ac654500580) Importer(815301076,1909f56bfc062723c751e8b465ee728b)
Start importing Assets/Prefabs/First Person Player.prefab using Guid(968fd329af66a884d9270ac654500580) Importer(815301076,1909f56bfc062723c751e8b465ee728b)  -> (artifact id: '4216e0740ab31cfe5ef6dfb6c1a20b86') in 0.669497 seconds
  Import took 0.672836 seconds .

========================================================================
Received Import Request.
  Time since last request: 0.000359 seconds.
  path: Assets/Prefabs/SampleScene
  artifactKey: Guid(ff8b3ead046c33b4a919bd24061c43c4) Importer(815301076,1909f56bfc062723c751e8b465ee728b)
Start importing Assets/Prefabs/SampleScene using Guid(ff8b3ead046c33b4a919bd24061c43c4) Importer(815301076,1909f56bfc062723c751e8b465ee728b)  -> (artifact id: 'd03e90301ce86a4054afb024892fa87d') in 0.001014 seconds
  Import took 0.003619 seconds .

========================================================================
Received Import Request.
  Time since last request: 0.000232 seconds.
  path: Assets/Prefabs
  artifactKey: Guid(d0b5ab99a881cca43a5547e783858f00) Importer(815301076,1909f56bfc062723c751e8b465ee728b)
Start importing Assets/Prefabs using Guid(d0b5ab99a881cca43a5547e783858f00) Importer(815301076,1909f56bfc062723c751e8b465ee728b)  -> (artifact id: 'e41099473042a2400a495d4885285258') in 0.001091 seconds
  Import took 0.004451 seconds .

========================================================================
Received Import Request.
  Time since last request: 12.408057 seconds.
  path: Assets/Editor
  artifactKey: Guid(d6e37afc68c3fc14fb6b1c407e19d551) Importer(815301076,1909f56bfc062723c751e8b465ee728b)
Start importing Assets/Editor using Guid(d6e37afc68c3fc14fb6b1c407e19d551) Importer(815301076,1909f56bfc062723c751e8b465ee728b)  -> (artifact id: '9e99a0f7914f67b5a6aef5335d1791ac') in 0.001288 seconds
  Import took 0.006350 seconds .

========================================================================
Received Import Request.
  Time since last request: 1.652316 seconds.
  path: Assets/Editor/Scenes
  artifactKey: Guid(652ff60139e349d40a9831d3abed6338) Importer(815301076,1909f56bfc062723c751e8b465ee728b)
Start importing Assets/Editor/Scenes using Guid(652ff60139e349d40a9831d3abed6338) Importer(815301076,1909f56bfc062723c751e8b465ee728b)  -> (artifact id: '5c6ea60e77bbd107de95bf68b6871605') in 0.011006 seconds
  Import took 0.022183 seconds .

========================================================================
Received Import Request.
  Time since last request: 3.381446 seconds.
  path: Assets/Materials
  artifactKey: Guid(7c179fa18b2767c4b905f37f56440bab) Importer(815301076,1909f56bfc062723c751e8b465ee728b)
Start importing Assets/Materials using Guid(7c179fa18b2767c4b905f37f56440bab) Importer(815301076,1909f56bfc062723c751e8b465ee728b)  -> (artifact id: '1b3cadfe5f5db3f72162ebfce81a3638') in 0.001021 seconds
  Import took 0.009742 seconds .

========================================================================
Received Import Request.
  Time since last request: 1.149242 seconds.
  path: Assets/NavMeshComponents
  artifactKey: Guid(dbe6dce5580bc374e8f8d46924251e40) Importer(815301076,1909f56bfc062723c751e8b465ee728b)
Start importing Assets/NavMeshComponents using Guid(dbe6dce5580bc374e8f8d46924251e40) Importer(815301076,1909f56bfc062723c751e8b465ee728b)  -> (artifact id: 'bd627abd7bb4ba6742c1c45b055f5aab') in 0.001471 seconds
  Import took 0.009638 seconds .

========================================================================
Received Import Request.
  Time since last request: 3.762466 seconds.
  path: Assets/Prefabs/SampleScene.unity
  artifactKey: Guid(9fc0d4010bbf28b4594072e72b8655ab) Importer(815301076,1909f56bfc062723c751e8b465ee728b)
Start importing Assets/Prefabs/SampleScene.unity using Guid(9fc0d4010bbf28b4594072e72b8655ab) Importer(815301076,1909f56bfc062723c751e8b465ee728b)  -> (artifact id: '402b48215737a8e119b51d61740daeb5') in 0.010601 seconds
  Import took 0.020979 seconds .

========================================================================
Received Import Request.
  Time since last request: 175.429976 seconds.
  path: Assets/Scripts
  artifactKey: Guid(bb2bb2bbe3c0e0c49870ccb98412f417) Importer(815301076,1909f56bfc062723c751e8b465ee728b)
Start importing Assets/Scripts using Guid(bb2bb2bbe3c0e0c49870ccb98412f417) Importer(815301076,1909f56bfc062723c751e8b465ee728b)  -> (artifact id: 'dd2fff6d28fe22a6fc3b2f51441bc907') in 0.006181 seconds
  Import took 0.018676 seconds .

========================================================================
Received Import Request.
  Time since last request: 1.993357 seconds.
  path: Assets/Scripts/RatCatcherController.cs
  artifactKey: Guid(60204b55dc7b89f41accd6f41aa707b8) Importer(815301076,1909f56bfc062723c751e8b465ee728b)
Start importing Assets/Scripts/RatCatcherController.cs using Guid(60204b55dc7b89f41accd6f41aa707b8) Importer(815301076,1909f56bfc062723c751e8b465ee728b)  -> (artifact id: '9859265755e22a567c38fecca2411e7c') in 1.124066 seconds
  Import took 1.131419 seconds .

========================================================================
Received Prepare
Registering precompiled user dll's ...
Registered in 0.001412 seconds.
Begin MonoManager ReloadAssembly
Native extension for OSXStandalone target not found
Refreshing native plugins compatible for Editor in 0.30 ms, found 1 plugins.
Preloading 0 native plugins for Editor in 0.00 ms.
Mono: successfully reloaded assembly
- Completed reload, in  1.459 seconds
Platform modules already initialized, skipping
Refreshing native plugins compatible for Editor in 0.34 ms, found 1 plugins.
Preloading 0 native plugins for Editor in 0.00 ms.
Unloading 1464 Unused Serialized files (Serialized files now loaded: 0)
System memory in use before: 136.5 MB.
System memory in use after: 136.6 MB.

Unloading 8 unused Assets to reduce memory usage. Loaded Objects now: 1943.
Total: 2.525568 ms (FindLiveObjects: 0.216047 ms CreateObjectMapping: 0.113250 ms MarkObjects: 2.100382 ms  DeleteObjects: 0.094574 ms)

========================================================================
Received Prepare
Registering precompiled user dll's ...
Registered in 0.000708 seconds.
Begin MonoManager ReloadAssembly
Native extension for OSXStandalone target not found
Refreshing native plugins compatible for Editor in 0.31 ms, found 1 plugins.
Preloading 0 native plugins for Editor in 0.00 ms.
Mono: successfully reloaded assembly
- Completed reload, in  1.481 seconds
Platform modules already initialized, skipping
Refreshing native plugins compatible for Editor in 0.34 ms, found 1 plugins.
Preloading 0 native plugins for Editor in 0.00 ms.
Unloading 1464 Unused Serialized files (Serialized files now loaded: 0)
System memory in use before: 136.7 MB.
System memory in use after: 136.8 MB.

Unloading 7 unused Assets to reduce memory usage. Loaded Objects now: 1946.
Total: 2.428435 ms (FindLiveObjects: 0.217948 ms CreateObjectMapping: 0.116483 ms MarkObjects: 2.006137 ms  DeleteObjects: 0.086436 ms)

========================================================================
Received Prepare
Registering precompiled user dll's ...
Registered in 0.000620 seconds.
Begin MonoManager ReloadAssembly
Native extension for OSXStandalone target not found
Refreshing native plugins compatible for Editor in 0.37 ms, found 1 plugins.
Preloading 0 native plugins for Editor in 0.00 ms.
Mono: successfully reloaded assembly
- Completed reload, in  1.395 seconds
Platform modules already initialized, skipping
Refreshing native plugins compatible for Editor in 0.31 ms, found 1 plugins.
Preloading 0 native plugins for Editor in 0.00 ms.
Unloading 1464 Unused Serialized files (Serialized files now loaded: 0)
System memory in use before: 136.9 MB.
System memory in use after: 137.0 MB.

Unloading 7 unused Assets to reduce memory usage. Loaded Objects now: 1949.
Total: 2.386080 ms (FindLiveObjects: 0.216914 ms CreateObjectMapping: 0.115478 ms MarkObjects: 1.960437 ms  DeleteObjects: 0.091924 ms)

========================================================================
Received Prepare
Registering precompiled user dll's ...
Registered in 0.000727 seconds.
Begin MonoManager ReloadAssembly
Native extension for OSXStandalone target not found
Refreshing native plugins compatible for Editor in 0.39 ms, found 1 plugins.
Preloading 0 native plugins for Editor in 0.00 ms.
Mono: successfully reloaded assembly
- Completed reload, in  1.408 seconds
Platform modules already initialized, skipping
Refreshing native plugins compatible for Editor in 0.36 ms, found 1 plugins.
Preloading 0 native plugins for Editor in 0.00 ms.
Unloading 1464 Unused Serialized files (Serialized files now loaded: 0)
System memory in use before: 137.1 MB.
System memory in use after: 137.1 MB.

Unloading 7 unused Assets to reduce memory usage. Loaded Objects now: 1952.
Total: 2.874448 ms (FindLiveObjects: 0.218793 ms CreateObjectMapping: 0.116168 ms MarkObjects: 2.389007 ms  DeleteObjects: 0.148570 ms)

========================================================================
Received Prepare
Registering precompiled user dll's ...
Registered in 0.000568 seconds.
Begin MonoManager ReloadAssembly
Native extension for OSXStandalone target not found
Refreshing native plugins compatible for Editor in 0.31 ms, found 1 plugins.
Preloading 0 native plugins for Editor in 0.00 ms.
Mono: successfully reloaded assembly
- Completed reload, in  1.362 seconds
Platform modules already initialized, skipping
Refreshing native plugins compatible for Editor in 0.34 ms, found 1 plugins.
Preloading 0 native plugins for Editor in 0.00 ms.
Unloading 1464 Unused Serialized files (Serialized files now loaded: 0)
System memory in use before: 137.3 MB.
System memory in use after: 137.3 MB.

Unloading 7 unused Assets to reduce memory usage. Loaded Objects now: 1955.
Total: 2.191161 ms (FindLiveObjects: 0.222302 ms CreateObjectMapping: 0.060070 ms MarkObjects: 1.822559 ms  DeleteObjects: 0.085079 ms)

========================================================================
Received Prepare
Registering precompiled user dll's ...
Registered in 0.000557 seconds.
Begin MonoManager ReloadAssembly
Native extension for OSXStandalone target not found
Refreshing native plugins compatible for Editor in 0.30 ms, found 1 plugins.
Preloading 0 native plugins for Editor in 0.00 ms.
Mono: successfully reloaded assembly
- Completed reload, in  1.371 seconds
Platform modules already initialized, skipping
Refreshing native plugins compatible for Editor in 0.36 ms, found 1 plugins.
Preloading 0 native plugins for Editor in 0.00 ms.
Unloading 1464 Unused Serialized files (Serialized files now loaded: 0)
System memory in use before: 137.5 MB.
System memory in use after: 137.5 MB.

Unloading 7 unused Assets to reduce memory usage. Loaded Objects now: 1958.
Total: 2.418069 ms (FindLiveObjects: 0.224878 ms CreateObjectMapping: 0.125896 ms MarkObjects: 1.970062 ms  DeleteObjects: 0.095741 ms)

========================================================================
Received Prepare
Registering precompiled user dll's ...
Registered in 0.000506 seconds.
Begin MonoManager ReloadAssembly
Native extension for OSXStandalone target not found
Refreshing native plugins compatible for Editor in 0.30 ms, found 1 plugins.
Preloading 0 native plugins for Editor in 0.00 ms.
Mono: successfully reloaded assembly
- Completed reload, in  1.468 seconds
Platform modules already initialized, skipping
Refreshing native plugins compatible for Editor in 0.30 ms, found 1 plugins.
Preloading 0 native plugins for Editor in 0.00 ms.
Unloading 1464 Unused Serialized files (Serialized files now loaded: 0)
System memory in use before: 137.7 MB.
System memory in use after: 137.7 MB.

Unloading 7 unused Assets to reduce memory usage. Loaded Objects now: 1961.
Total: 2.395059 ms (FindLiveObjects: 0.210986 ms CreateObjectMapping: 0.112183 ms MarkObjects: 1.990796 ms  DeleteObjects: 0.080181 ms)

========================================================================
Received Prepare
Registering precompiled user dll's ...
Registered in 0.000521 seconds.
Begin MonoManager ReloadAssembly
Native extension for OSXStandalone target not found
Refreshing native plugins compatible for Editor in 0.30 ms, found 1 plugins.
Preloading 0 native plugins for Editor in 0.00 ms.
Mono: successfully reloaded assembly
- Completed reload, in  1.813 seconds
Platform modules already initialized, skipping
Refreshing native plugins compatible for Editor in 0.31 ms, found 1 plugins.
Preloading 0 native plugins for Editor in 0.00 ms.
Unloading 1464 Unused Serialized files (Serialized files now loaded: 0)
System memory in use before: 137.8 MB.
System memory in use after: 137.9 MB.

Unloading 7 unused Assets to reduce memory usage. Loaded Objects now: 1964.
Total: 2.332402 ms (FindLiveObjects: 0.218015 ms CreateObjectMapping: 0.117217 ms MarkObjects: 1.913940 ms  DeleteObjects: 0.082158 ms)

========================================================================
Received Prepare
Registering precompiled user dll's ...
Registered in 0.000516 seconds.
Begin MonoManager ReloadAssembly
Native extension for OSXStandalone target not found
Refreshing native plugins compatible for Editor in 0.30 ms, found 1 plugins.
Preloading 0 native plugins for Editor in 0.00 ms.
Mono: successfully reloaded assembly
- Completed reload, in  1.501 seconds
Platform modules already initialized, skipping
Refreshing native plugins compatible for Editor in 0.31 ms, found 1 plugins.
Preloading 0 native plugins for Editor in 0.00 ms.
Unloading 1464 Unused Serialized files (Serialized files now loaded: 0)
System memory in use before: 138.0 MB.
System memory in use after: 138.0 MB.

Unloading 7 unused Assets to reduce memory usage. Loaded Objects now: 1967.
Total: 2.697872 ms (FindLiveObjects: 0.194040 ms CreateObjectMapping: 0.182430 ms MarkObjects: 2.217938 ms  DeleteObjects: 0.101998 ms)

========================================================================
Received Prepare
Registering precompiled user dll's ...
Registered in 0.000503 seconds.
Begin MonoManager ReloadAssembly
Native extension for OSXStandalone target not found
Refreshing native plugins compatible for Editor in 0.32 ms, found 1 plugins.
Preloading 0 native plugins for Editor in 0.00 ms.
Mono: successfully reloaded assembly
- Completed reload, in  1.340 seconds
Platform modules already initialized, skipping
Refreshing native plugins compatible for Editor in 0.32 ms, found 1 plugins.
Preloading 0 native plugins for Editor in 0.00 ms.
Unloading 1464 Unused Serialized files (Serialized files now loaded: 0)
System memory in use before: 138.2 MB.
System memory in use after: 138.2 MB.

Unloading 7 unused Assets to reduce memory usage. Loaded Objects now: 1970.
Total: 1.940365 ms (FindLiveObjects: 0.169941 ms CreateObjectMapping: 0.056661 ms MarkObjects: 1.629715 ms  DeleteObjects: 0.082976 ms)

========================================================================
Received Import Request.
  Time since last request: 4225.410097 seconds.
  path: Assets/Scripts/PlayerMovement.cs
  artifactKey: Guid(b4dcd7a14436fa948a21a4ecc32b06e0) Importer(815301076,1909f56bfc062723c751e8b465ee728b)
Start importing Assets/Scripts/PlayerMovement.cs using Guid(b4dcd7a14436fa948a21a4ecc32b06e0) Importer(815301076,1909f56bfc062723c751e8b465ee728b)  -> (artifact id: '7c8e828ce02043efa896750f42937663') in 0.007938 seconds
  Import took 0.011793 seconds .

========================================================================
Received Import Request.
  Time since last request: 0.000902 seconds.
  path: Assets/Scripts/PlayerMovement.cs
  artifactKey: Guid(b4dcd7a14436fa948a21a4ecc32b06e0) Importer(815301076,1909f56bfc062723c751e8b465ee728b)
Start importing Assets/Scripts/PlayerMovement.cs using Guid(b4dcd7a14436fa948a21a4ecc32b06e0) Importer(815301076,1909f56bfc062723c751e8b465ee728b)  -> (artifact id: '7c8e828ce02043efa896750f42937663') in 0.005172 seconds
  Import took 0.009270 seconds .

========================================================================
Received Prepare
Registering precompiled user dll's ...
Registered in 0.000657 seconds.
Begin MonoManager ReloadAssembly
Native extension for OSXStandalone target not found
Refreshing native plugins compatible for Editor in 1.02 ms, found 1 plugins.
Preloading 0 native plugins for Editor in 0.00 ms.
Mono: successfully reloaded assembly
- Completed reload, in  1.261 seconds
Platform modules already initialized, skipping
Refreshing native plugins compatible for Editor in 0.33 ms, found 1 plugins.
Preloading 0 native plugins for Editor in 0.00 ms.
Unloading 1464 Unused Serialized files (Serialized files now loaded: 0)
System memory in use before: 138.4 MB.
System memory in use after: 138.4 MB.

Unloading 7 unused Assets to reduce memory usage. Loaded Objects now: 1973.
Total: 2.464653 ms (FindLiveObjects: 0.216683 ms CreateObjectMapping: 0.116151 ms MarkObjects: 1.996462 ms  DeleteObjects: 0.134074 ms)

========================================================================
Received Prepare
Registering precompiled user dll's ...
Registered in 0.000512 seconds.
Begin MonoManager ReloadAssembly
Native extension for OSXStandalone target not found
Refreshing native plugins compatible for Editor in 0.31 ms, found 1 plugins.
Preloading 0 native plugins for Editor in 0.00 ms.
Mono: successfully reloaded assembly
- Completed reload, in  1.274 seconds
Platform modules already initialized, skipping
Refreshing native plugins compatible for Editor in 0.32 ms, found 1 plugins.
Preloading 0 native plugins for Editor in 0.00 ms.
Unloading 1464 Unused Serialized files (Serialized files now loaded: 0)
System memory in use before: 138.5 MB.
System memory in use after: 138.6 MB.

Unloading 7 unused Assets to reduce memory usage. Loaded Objects now: 1976.
Total: 2.377403 ms (FindLiveObjects: 0.224432 ms CreateObjectMapping: 0.119847 ms MarkObjects: 1.945369 ms  DeleteObjects: 0.086768 ms)

========================================================================
Received Prepare
Registering precompiled user dll's ...
Registered in 0.000628 seconds.
Begin MonoManager ReloadAssembly
Native extension for OSXStandalone target not found
Refreshing native plugins compatible for Editor in 0.31 ms, found 1 plugins.
Preloading 0 native plugins for Editor in 0.00 ms.
Mono: successfully reloaded assembly
- Completed reload, in  1.289 seconds
Platform modules already initialized, skipping
Refreshing native plugins compatible for Editor in 0.30 ms, found 1 plugins.
Preloading 0 native plugins for Editor in 0.00 ms.
Unloading 1464 Unused Serialized files (Serialized files now loaded: 0)
System memory in use before: 138.7 MB.
System memory in use after: 138.8 MB.

Unloading 7 unused Assets to reduce memory usage. Loaded Objects now: 1979.
Total: 1.977326 ms (FindLiveObjects: 0.172481 ms CreateObjectMapping: 0.066305 ms MarkObjects: 1.654045 ms  DeleteObjects: 0.083445 ms)

========================================================================
Received Prepare
Registering precompiled user dll's ...
Registered in 0.000710 seconds.
Begin MonoManager ReloadAssembly
Native extension for OSXStandalone target not found
Refreshing native plugins compatible for Editor in 0.31 ms, found 1 plugins.
Preloading 0 native plugins for Editor in 0.00 ms.
Mono: successfully reloaded assembly
- Completed reload, in  1.297 seconds
Platform modules already initialized, skipping
Refreshing native plugins compatible for Editor in 0.31 ms, found 1 plugins.
Preloading 0 native plugins for Editor in 0.00 ms.
Unloading 1464 Unused Serialized files (Serialized files now loaded: 0)
System memory in use before: 138.9 MB.
System memory in use after: 138.9 MB.

Unloading 7 unused Assets to reduce memory usage. Loaded Objects now: 1982.
Total: 2.469740 ms (FindLiveObjects: 0.218505 ms CreateObjectMapping: 0.114333 ms MarkObjects: 2.049509 ms  DeleteObjects: 0.086350 ms)

========================================================================
Received Import Request.
  Time since last request: 289.496306 seconds.
  path: Assets/Scripts/PlayerMovement.cs
  artifactKey: Guid(b4dcd7a14436fa948a21a4ecc32b06e0) Importer(815301076,1909f56bfc062723c751e8b465ee728b)
Start importing Assets/Scripts/PlayerMovement.cs using Guid(b4dcd7a14436fa948a21a4ecc32b06e0) Importer(815301076,1909f56bfc062723c751e8b465ee728b)  -> (artifact id: 'de186f20ee7fd30e094a29c04346eddb') in 0.016547 seconds
  Import took 0.020987 seconds .

========================================================================
Received Prepare
Registering precompiled user dll's ...
Registered in 0.001130 seconds.
Begin MonoManager ReloadAssembly
Native extension for OSXStandalone target not found
Refreshing native plugins compatible for Editor in 0.73 ms, found 1 plugins.
Preloading 0 native plugins for Editor in 0.00 ms.
Mono: successfully reloaded assembly
- Completed reload, in  2.699 seconds
Platform modules already initialized, skipping
Refreshing native plugins compatible for Editor in 0.48 ms, found 1 plugins.
Preloading 0 native plugins for Editor in 0.00 ms.
Unloading 1464 Unused Serialized files (Serialized files now loaded: 0)
System memory in use before: 139.1 MB.
System memory in use after: 139.1 MB.

Unloading 7 unused Assets to reduce memory usage. Loaded Objects now: 1985.
Total: 2.325760 ms (FindLiveObjects: 0.204606 ms CreateObjectMapping: 0.067298 ms MarkObjects: 1.965471 ms  DeleteObjects: 0.087154 ms)

========================================================================
Received Prepare
Registering precompiled user dll's ...
Registered in 0.000528 seconds.
Begin MonoManager ReloadAssembly
Native extension for OSXStandalone target not found
Refreshing native plugins compatible for Editor in 0.31 ms, found 1 plugins.
Preloading 0 native plugins for Editor in 0.00 ms.
Mono: successfully reloaded assembly
- Completed reload, in  1.328 seconds
Platform modules already initialized, skipping
Refreshing native plugins compatible for Editor in 0.34 ms, found 1 plugins.
Preloading 0 native plugins for Editor in 0.00 ms.
Unloading 1464 Unused Serialized files (Serialized files now loaded: 0)
System memory in use before: 139.3 MB.
System memory in use after: 139.3 MB.

Unloading 7 unused Assets to reduce memory usage. Loaded Objects now: 1988.
Total: 2.121059 ms (FindLiveObjects: 0.170746 ms CreateObjectMapping: 0.057378 ms MarkObjects: 1.809494 ms  DeleteObjects: 0.082236 ms)

========================================================================
Received Prepare
Registering precompiled user dll's ...
Registered in 0.000523 seconds.
Begin MonoManager ReloadAssembly
Native extension for OSXStandalone target not found
Refreshing native plugins compatible for Editor in 0.33 ms, found 1 plugins.
Preloading 0 native plugins for Editor in 0.00 ms.
Mono: successfully reloaded assembly
- Completed reload, in  1.509 seconds
Platform modules already initialized, skipping
Refreshing native plugins compatible for Editor in 0.31 ms, found 1 plugins.
Preloading 0 native plugins for Editor in 0.00 ms.
Unloading 1464 Unused Serialized files (Serialized files now loaded: 0)
System memory in use before: 139.4 MB.
System memory in use after: 139.5 MB.

Unloading 7 unused Assets to reduce memory usage. Loaded Objects now: 1991.
Total: 2.312630 ms (FindLiveObjects: 0.213846 ms CreateObjectMapping: 0.112732 ms MarkObjects: 1.904574 ms  DeleteObjects: 0.080556 ms)

