Using pre-set license
Built from '2020.3/staging' branch; Version is '2020.3.9f1 (108be757e447) revision 1084391'; Using compiler version '192528614'; Build Type 'Release'
OS: 'Windows 10 Pro; OS build 19044.1586; Version 2009; 64bit' Language: 'en' Physical Memory: 32685 MB
BatchMode: 1, IsHumanControllingUs: 0, StartBugReporterOnCrash: 0, Is64bit: 1, IsPro: 0

 COMMAND LINE ARGUMENTS:
C:\Program Files\Unity\Hub\Editor\2020.3.9f1\Editor\Unity.exe
-adb2
-batchMode
-noUpm
-name
AssetImportWorker0
-projectPath
C:/Users/Simon/Desktop/F20GP-Prototype/Ratcatcher
-logFile
Logs/AssetImportWorker0.log
-srvPort
55780
Successfully changed project path to: C:/Users/Simon/Desktop/F20GP-Prototype/Ratcatcher
C:/Users/Simon/Desktop/F20GP-Prototype/Ratcatcher
Using Asset Import Pipeline V2.
Refreshing native plugins compatible for Editor in 29.48 ms, found 0 plugins.
Preloading 0 native plugins for Editor in 0.00 ms.
Initialize engine version: 2020.3.9f1 (108be757e447)
[Subsystems] Discovering subsystems at path C:/Program Files/Unity/Hub/Editor/2020.3.9f1/Editor/Data/Resources/UnitySubsystems
[Subsystems] Discovering subsystems at path C:/Users/Simon/Desktop/F20GP-Prototype/Ratcatcher/Assets
GfxDevice: creating device client; threaded=0
Direct3D:
    Version:  Direct3D 11.0 [level 11.0]
    Renderer: NVIDIA GeForce GTX 650 (ID=0xfc6)
    Vendor:   
    VRAM:     2007 MB
    Driver:   30.0.14.7298
Initialize mono
Mono path[0] = 'C:/Program Files/Unity/Hub/Editor/2020.3.9f1/Editor/Data/Managed'
Mono path[1] = 'C:/Program Files/Unity/Hub/Editor/2020.3.9f1/Editor/Data/MonoBleedingEdge/lib/mono/unityjit'
Mono config path = 'C:/Program Files/Unity/Hub/Editor/2020.3.9f1/Editor/Data/MonoBleedingEdge/etc'
Using monoOptions --debugger-agent=transport=dt_socket,embedding=1,server=y,suspend=n,address=127.0.0.1:56840
Begin MonoManager ReloadAssembly
Registering precompiled unity dll's ...
Register platform support module: C:/Program Files/Unity/Hub/Editor/2020.3.9f1/Editor/Data/PlaybackEngines/WindowsStandaloneSupport/UnityEditor.WindowsStandalone.Extensions.dll
Register platform support module: C:/Program Files/Unity/Hub/Editor/2020.3.9f1/Editor/Data/PlaybackEngines/LinuxStandaloneSupport/UnityEditor.LinuxStandalone.Extensions.dll
Registered in 0.001780 seconds.
Native extension for LinuxStandalone target not found
Native extension for WindowsStandalone target not found
Refreshing native plugins compatible for Editor in 29.55 ms, found 0 plugins.
Preloading 0 native plugins for Editor in 0.00 ms.
Mono: successfully reloaded assembly
- Completed reload, in  0.800 seconds
Platform modules already initialized, skipping
Registering precompiled user dll's ...
Registered in 0.002796 seconds.
Begin MonoManager ReloadAssembly
Native extension for LinuxStandalone target not found
Native extension for WindowsStandalone target not found
Refreshing native plugins compatible for Editor in 0.40 ms, found 0 plugins.
Preloading 0 native plugins for Editor in 0.00 ms.
Mono: successfully reloaded assembly
- Completed reload, in  0.727 seconds
Platform modules already initialized, skipping
========================================================================
Worker process is ready to serve import requests
Launched and connected shader compiler UnityShaderCompiler.exe after 0.02 seconds
Refreshing native plugins compatible for Editor in 0.73 ms, found 0 plugins.
Preloading 0 native plugins for Editor in 0.00 ms.
Unloading 2040 Unused Serialized files (Serialized files now loaded: 0)
System memory in use before: 91.8 MB.
System memory in use after: 91.8 MB.

Unloading 18 unused Assets to reduce memory usage. Loaded Objects now: 2478.
Total: 1.753400 ms (FindLiveObjects: 0.178200 ms CreateObjectMapping: 0.073400 ms MarkObjects: 1.372900 ms  DeleteObjects: 0.128200 ms)

========================================================================
Received Import Request.
  path: Assets/Scripts/Rat.cs
  artifactKey: Guid(64d86375bff90344a89d1cf508499351) Importer(815301076,1909f56bfc062723c751e8b465ee728b)
Start importing Assets/Scripts/Rat.cs using Guid(64d86375bff90344a89d1cf508499351) Importer(815301076,1909f56bfc062723c751e8b465ee728b)  -> (artifact id: '216564891769bfda2c859fae50e20d3f') in 0.014767 seconds
  Import took 0.017336 seconds .

========================================================================
Received Import Request.
  Time since last request: 317.785234 seconds.
  path: Assets/Scripts/Rat.cs
  artifactKey: Guid(64d86375bff90344a89d1cf508499351) Importer(815301076,1909f56bfc062723c751e8b465ee728b)
Start importing Assets/Scripts/Rat.cs using Guid(64d86375bff90344a89d1cf508499351) Importer(815301076,1909f56bfc062723c751e8b465ee728b)  -> (artifact id: '3376e6be823a6a7ae181618b5b9eacc2') in 0.002500 seconds
  Import took 0.005750 seconds .

========================================================================
Received Import Request.
  Time since last request: 0.003525 seconds.
  path: Assets/Scripts/Rat.cs
  artifactKey: Guid(64d86375bff90344a89d1cf508499351) Importer(815301076,1909f56bfc062723c751e8b465ee728b)
Start importing Assets/Scripts/Rat.cs using Guid(64d86375bff90344a89d1cf508499351) Importer(815301076,1909f56bfc062723c751e8b465ee728b)  -> (artifact id: '3376e6be823a6a7ae181618b5b9eacc2') in 0.002322 seconds
  Import took 0.005073 seconds .

========================================================================
Received Prepare
Registering precompiled user dll's ...
Registered in 0.002604 seconds.
Begin MonoManager ReloadAssembly
Native extension for LinuxStandalone target not found
Native extension for WindowsStandalone target not found
Refreshing native plugins compatible for Editor in 0.65 ms, found 0 plugins.
Preloading 0 native plugins for Editor in 0.00 ms.
Mono: successfully reloaded assembly
- Completed reload, in  0.702 seconds
Platform modules already initialized, skipping
Refreshing native plugins compatible for Editor in 0.39 ms, found 0 plugins.
Preloading 0 native plugins for Editor in 0.00 ms.
Unloading 1999 Unused Serialized files (Serialized files now loaded: 0)
System memory in use before: 88.3 MB.
System memory in use after: 88.4 MB.

Unloading 13 unused Assets to reduce memory usage. Loaded Objects now: 2481.
Total: 1.687200 ms (FindLiveObjects: 0.169900 ms CreateObjectMapping: 0.070900 ms MarkObjects: 1.345700 ms  DeleteObjects: 0.100000 ms)

========================================================================
Received Import Request.
  Time since last request: 89.327239 seconds.
  path: Assets/Scripts/RatNest.cs
  artifactKey: Guid(dd36352368f167e438e1dde6a72c6b8c) Importer(815301076,1909f56bfc062723c751e8b465ee728b)
Start importing Assets/Scripts/RatNest.cs using Guid(dd36352368f167e438e1dde6a72c6b8c) Importer(815301076,1909f56bfc062723c751e8b465ee728b)  -> (artifact id: '5a195ebe87df1fc43ce283526ed9a848') in 0.006613 seconds
  Import took 0.009733 seconds .

========================================================================
Received Prepare
Registering precompiled user dll's ...
Registered in 0.002688 seconds.
Begin MonoManager ReloadAssembly
Native extension for LinuxStandalone target not found
Native extension for WindowsStandalone target not found
Refreshing native plugins compatible for Editor in 0.47 ms, found 0 plugins.
Preloading 0 native plugins for Editor in 0.00 ms.
Mono: successfully reloaded assembly
- Completed reload, in  0.695 seconds
Platform modules already initialized, skipping
Refreshing native plugins compatible for Editor in 0.39 ms, found 0 plugins.
Preloading 0 native plugins for Editor in 0.00 ms.
Unloading 1999 Unused Serialized files (Serialized files now loaded: 0)
System memory in use before: 88.4 MB.
System memory in use after: 88.4 MB.

Unloading 13 unused Assets to reduce memory usage. Loaded Objects now: 2484.
Total: 1.786600 ms (FindLiveObjects: 0.181300 ms CreateObjectMapping: 0.065100 ms MarkObjects: 1.427700 ms  DeleteObjects: 0.111700 ms)

========================================================================
Received Import Request.
  Time since last request: 21.160272 seconds.
  path: Assets/Scripts/RatNest.cs
  artifactKey: Guid(dd36352368f167e438e1dde6a72c6b8c) Importer(815301076,1909f56bfc062723c751e8b465ee728b)
Start importing Assets/Scripts/RatNest.cs using Guid(dd36352368f167e438e1dde6a72c6b8c) Importer(815301076,1909f56bfc062723c751e8b465ee728b)  -> (artifact id: 'e273106da5ad4ed21a28e2e45b5f490e') in 0.003867 seconds
  Import took 0.006256 seconds .

========================================================================
Received Import Request.
  Time since last request: 36.974570 seconds.
  path: Assets/Prefabs/First Person Player.prefab
  artifactKey: Guid(312d751e0f43ce9448c79aaa802f42e7) Importer(815301076,1909f56bfc062723c751e8b465ee728b)
Start importing Assets/Prefabs/First Person Player.prefab using Guid(312d751e0f43ce9448c79aaa802f42e7) Importer(815301076,1909f56bfc062723c751e8b465ee728b)  -> (artifact id: 'a70a5c5276f9e3f61928cbc171010d29') in 0.075750 seconds
  Import took 0.078539 seconds .

========================================================================
Received Import Request.
  Time since last request: 0.000159 seconds.
  path: Assets/Prefabs/World.prefab
  artifactKey: Guid(b2762378e2da3014d999f7f028b143a8) Importer(815301076,1909f56bfc062723c751e8b465ee728b)
Start importing Assets/Prefabs/World.prefab using Guid(b2762378e2da3014d999f7f028b143a8) Importer(815301076,1909f56bfc062723c751e8b465ee728b)  -> (artifact id: 'ea4a925e2cb5831152cb75461f1a08d8') in 0.052166 seconds
  Import took 0.055500 seconds .

========================================================================
Received Import Request.
  Time since last request: 0.000132 seconds.
  path: Assets/Prefabs/Light Switch Variant.prefab
  artifactKey: Guid(cdce916b36d2d2440b3ea3c4073fd697) Importer(815301076,1909f56bfc062723c751e8b465ee728b)
Start importing Assets/Prefabs/Light Switch Variant.prefab using Guid(cdce916b36d2d2440b3ea3c4073fd697) Importer(815301076,1909f56bfc062723c751e8b465ee728b)  -> (artifact id: 'c0e9f770b96dea86516097fef3a720ca') in 0.006820 seconds
  Import took 0.009348 seconds .

========================================================================
Received Import Request.
  Time since last request: 0.000131 seconds.
  path: Assets/Prefabs/Rat.prefab
  artifactKey: Guid(146a1199cb3077b45b4819f611029fd6) Importer(815301076,1909f56bfc062723c751e8b465ee728b)
Start importing Assets/Prefabs/Rat.prefab using Guid(146a1199cb3077b45b4819f611029fd6) Importer(815301076,1909f56bfc062723c751e8b465ee728b)  -> (artifact id: '2ba86e1583cd994ed0ff51a026560b05') in 0.053383 seconds
  Import took 0.056299 seconds .

========================================================================
Received Prepare
Registering precompiled user dll's ...
Registered in 0.002623 seconds.
Begin MonoManager ReloadAssembly
Native extension for LinuxStandalone target not found
Native extension for WindowsStandalone target not found
Refreshing native plugins compatible for Editor in 0.51 ms, found 0 plugins.
Preloading 0 native plugins for Editor in 0.00 ms.
Mono: successfully reloaded assembly
- Completed reload, in  0.697 seconds
Platform modules already initialized, skipping
Refreshing native plugins compatible for Editor in 0.40 ms, found 0 plugins.
Preloading 0 native plugins for Editor in 0.00 ms.
Unloading 1999 Unused Serialized files (Serialized files now loaded: 0)
System memory in use before: 105.1 MB.
System memory in use after: 105.1 MB.

Unloading 14 unused Assets to reduce memory usage. Loaded Objects now: 2497.
Total: 1.823500 ms (FindLiveObjects: 0.177700 ms CreateObjectMapping: 0.073800 ms MarkObjects: 1.456500 ms  DeleteObjects: 0.114400 ms)

========================================================================
Received Import Request.
  Time since last request: 6.973685 seconds.
  path: Assets/Prefabs/RatNest.prefab
  artifactKey: Guid(3b10e41c60675cc4194b29e41c34ad8e) Importer(815301076,1909f56bfc062723c751e8b465ee728b)
Start importing Assets/Prefabs/RatNest.prefab using Guid(3b10e41c60675cc4194b29e41c34ad8e) Importer(815301076,1909f56bfc062723c751e8b465ee728b)  -> (artifact id: '3da54f8bdb8ee9174c1efaef511cac9f') in 0.032301 seconds
  Import took 0.035924 seconds .

========================================================================
Received Import Request.
  Time since last request: 39.510438 seconds.
  path: Assets/Editor/Scenes/The Labs
  artifactKey: Guid(efb566d6d810edf41a87b574b52ccba0) Importer(815301076,1909f56bfc062723c751e8b465ee728b)
Start importing Assets/Editor/Scenes/The Labs using Guid(efb566d6d810edf41a87b574b52ccba0) Importer(815301076,1909f56bfc062723c751e8b465ee728b)  -> (artifact id: 'debfc1c42248cae746a7f1bf746098a1') in 0.004081 seconds
  Import took 0.006738 seconds .

========================================================================
Received Import Request.
  Time since last request: 0.084715 seconds.
  path: Assets/Editor/Scenes/The Labs/NavMesh-NavMeshSurface-Rat.asset
  artifactKey: Guid(8346b6422faf5514d928cac1b5771f61) Importer(815301076,1909f56bfc062723c751e8b465ee728b)
Start importing Assets/Editor/Scenes/The Labs/NavMesh-NavMeshSurface-Rat.asset using Guid(8346b6422faf5514d928cac1b5771f61) Importer(815301076,1909f56bfc062723c751e8b465ee728b)  -> (artifact id: '51e12b91a29a05b1a546029039d21a73') in 0.006353 seconds
  Import took 0.009261 seconds .

========================================================================
Received Import Request.
  Time since last request: 0.000237 seconds.
  path: Assets/Editor/Scenes/The Labs/NavMesh-NavMeshSurface-RatCatcher.asset
  artifactKey: Guid(97c0bc0f9e8a44e4680f1b0868a31d1b) Importer(815301076,1909f56bfc062723c751e8b465ee728b)
Start importing Assets/Editor/Scenes/The Labs/NavMesh-NavMeshSurface-RatCatcher.asset using Guid(97c0bc0f9e8a44e4680f1b0868a31d1b) Importer(815301076,1909f56bfc062723c751e8b465ee728b)  -> (artifact id: 'dd9aa2e668e2fb3e2518d5f5090013e5') in 0.004224 seconds
  Import took 0.006670 seconds .

========================================================================
Received Prepare
Registering precompiled user dll's ...
Registered in 0.002562 seconds.
Begin MonoManager ReloadAssembly
Native extension for LinuxStandalone target not found
Native extension for WindowsStandalone target not found
Refreshing native plugins compatible for Editor in 0.41 ms, found 0 plugins.
Preloading 0 native plugins for Editor in 0.00 ms.
Mono: successfully reloaded assembly
- Completed reload, in  0.730 seconds
Platform modules already initialized, skipping
Refreshing native plugins compatible for Editor in 0.39 ms, found 0 plugins.
Preloading 0 native plugins for Editor in 0.00 ms.
Unloading 1999 Unused Serialized files (Serialized files now loaded: 0)
System memory in use before: 105.1 MB.
System memory in use after: 105.2 MB.

Unloading 13 unused Assets to reduce memory usage. Loaded Objects now: 2500.
Total: 1.728600 ms (FindLiveObjects: 0.178000 ms CreateObjectMapping: 0.067900 ms MarkObjects: 1.382400 ms  DeleteObjects: 0.099700 ms)

========================================================================
Received Import Request.
  Time since last request: 126.881882 seconds.
  path: Assets/Editor/Scenes/Main Menu.unity
  artifactKey: Guid(a842747a90af050459c6e38ea6e07c9f) Importer(815301076,1909f56bfc062723c751e8b465ee728b)
Start importing Assets/Editor/Scenes/Main Menu.unity using Guid(a842747a90af050459c6e38ea6e07c9f) Importer(815301076,1909f56bfc062723c751e8b465ee728b)  -> (artifact id: 'b63b04cd3a213ccf07e51deb336a913d') in 0.015147 seconds
  Import took 0.017926 seconds .

========================================================================
Received Prepare
Registering precompiled user dll's ...
Registered in 0.002470 seconds.
Begin MonoManager ReloadAssembly
Native extension for LinuxStandalone target not found
Native extension for WindowsStandalone target not found
Refreshing native plugins compatible for Editor in 0.38 ms, found 0 plugins.
Preloading 0 native plugins for Editor in 0.00 ms.
Mono: successfully reloaded assembly
- Completed reload, in  0.673 seconds
Platform modules already initialized, skipping
Refreshing native plugins compatible for Editor in 0.39 ms, found 0 plugins.
Preloading 0 native plugins for Editor in 0.00 ms.
Unloading 1999 Unused Serialized files (Serialized files now loaded: 0)
System memory in use before: 105.0 MB.
System memory in use after: 105.1 MB.

Unloading 13 unused Assets to reduce memory usage. Loaded Objects now: 2503.
Total: 1.856500 ms (FindLiveObjects: 0.187800 ms CreateObjectMapping: 0.067200 ms MarkObjects: 1.488300 ms  DeleteObjects: 0.112400 ms)

========================================================================
Received Prepare
Registering precompiled user dll's ...
Registered in 0.002698 seconds.
Begin MonoManager ReloadAssembly
Native extension for LinuxStandalone target not found
Native extension for WindowsStandalone target not found
Refreshing native plugins compatible for Editor in 0.40 ms, found 0 plugins.
Preloading 0 native plugins for Editor in 0.00 ms.
Mono: successfully reloaded assembly
- Completed reload, in  0.699 seconds
Platform modules already initialized, skipping
Refreshing native plugins compatible for Editor in 0.39 ms, found 0 plugins.
Preloading 0 native plugins for Editor in 0.00 ms.
Unloading 1999 Unused Serialized files (Serialized files now loaded: 0)
System memory in use before: 105.1 MB.
System memory in use after: 105.2 MB.

Unloading 13 unused Assets to reduce memory usage. Loaded Objects now: 2506.
Total: 1.795200 ms (FindLiveObjects: 0.179800 ms CreateObjectMapping: 0.066500 ms MarkObjects: 1.436700 ms  DeleteObjects: 0.111500 ms)

========================================================================
Received Prepare
Registering precompiled user dll's ...
Registered in 0.002610 seconds.
Begin MonoManager ReloadAssembly
Native extension for LinuxStandalone target not found
Native extension for WindowsStandalone target not found
Refreshing native plugins compatible for Editor in 0.39 ms, found 0 plugins.
Preloading 0 native plugins for Editor in 0.00 ms.
Mono: successfully reloaded assembly
- Completed reload, in  0.701 seconds
Platform modules already initialized, skipping
Refreshing native plugins compatible for Editor in 0.39 ms, found 0 plugins.
Preloading 0 native plugins for Editor in 0.00 ms.
Unloading 1999 Unused Serialized files (Serialized files now loaded: 0)
System memory in use before: 105.1 MB.
System memory in use after: 105.2 MB.

Unloading 13 unused Assets to reduce memory usage. Loaded Objects now: 2509.
Total: 1.772000 ms (FindLiveObjects: 0.199400 ms CreateObjectMapping: 0.075300 ms MarkObjects: 1.382600 ms  DeleteObjects: 0.113700 ms)

========================================================================
Received Prepare
Registering precompiled user dll's ...
Registered in 0.002546 seconds.
Begin MonoManager ReloadAssembly
Native extension for LinuxStandalone target not found
Native extension for WindowsStandalone target not found
Refreshing native plugins compatible for Editor in 0.42 ms, found 0 plugins.
Preloading 0 native plugins for Editor in 0.00 ms.
Mono: successfully reloaded assembly
- Completed reload, in  0.978 seconds
Platform modules already initialized, skipping
Refreshing native plugins compatible for Editor in 0.40 ms, found 0 plugins.
Preloading 0 native plugins for Editor in 0.00 ms.
Unloading 1999 Unused Serialized files (Serialized files now loaded: 0)
System memory in use before: 105.1 MB.
System memory in use after: 105.2 MB.

Unloading 13 unused Assets to reduce memory usage. Loaded Objects now: 2512.
Total: 2.172100 ms (FindLiveObjects: 0.211400 ms CreateObjectMapping: 0.080600 ms MarkObjects: 1.757500 ms  DeleteObjects: 0.121600 ms)

========================================================================
Received Prepare
Refreshing native plugins compatible for Editor in 2.19 ms, found 0 plugins.
Preloading 0 native plugins for Editor in 0.00 ms.
Unloading 11 Unused Serialized files (Serialized files now loaded: 0)
System memory in use before: 65.5 MB.
System memory in use after: 65.5 MB.

Unloading 11 unused Assets to reduce memory usage. Loaded Objects now: 2512.
Total: 1.990000 ms (FindLiveObjects: 0.181200 ms CreateObjectMapping: 0.064200 ms MarkObjects: 1.555200 ms  DeleteObjects: 0.188800 ms)

========================================================================
Received Prepare
Registering precompiled user dll's ...
Registered in 0.002687 seconds.
Begin MonoManager ReloadAssembly
Native extension for LinuxStandalone target not found
Native extension for WindowsStandalone target not found
Refreshing native plugins compatible for Editor in 0.39 ms, found 0 plugins.
Preloading 0 native plugins for Editor in 0.00 ms.
Mono: successfully reloaded assembly
- Completed reload, in  0.721 seconds
Platform modules already initialized, skipping
Refreshing native plugins compatible for Editor in 0.43 ms, found 0 plugins.
Preloading 0 native plugins for Editor in 0.00 ms.
Unloading 1999 Unused Serialized files (Serialized files now loaded: 0)
System memory in use before: 105.1 MB.
System memory in use after: 105.2 MB.

Unloading 13 unused Assets to reduce memory usage. Loaded Objects now: 2515.
Total: 1.764500 ms (FindLiveObjects: 0.181300 ms CreateObjectMapping: 0.068200 ms MarkObjects: 1.406900 ms  DeleteObjects: 0.107400 ms)

========================================================================
Received Prepare
Registering precompiled user dll's ...
Registered in 0.002585 seconds.
Begin MonoManager ReloadAssembly
Native extension for LinuxStandalone target not found
Native extension for WindowsStandalone target not found
Refreshing native plugins compatible for Editor in 0.42 ms, found 0 plugins.
Preloading 0 native plugins for Editor in 0.00 ms.
Mono: successfully reloaded assembly
- Completed reload, in  0.680 seconds
Platform modules already initialized, skipping
Refreshing native plugins compatible for Editor in 0.39 ms, found 0 plugins.
Preloading 0 native plugins for Editor in 0.00 ms.
Unloading 1999 Unused Serialized files (Serialized files now loaded: 0)
System memory in use before: 105.1 MB.
System memory in use after: 105.1 MB.

Unloading 13 unused Assets to reduce memory usage. Loaded Objects now: 2518.
Total: 1.718100 ms (FindLiveObjects: 0.177300 ms CreateObjectMapping: 0.064100 ms MarkObjects: 1.366100 ms  DeleteObjects: 0.109900 ms)

========================================================================
Received Prepare
Refreshing native plugins compatible for Editor in 2.04 ms, found 0 plugins.
Preloading 0 native plugins for Editor in 0.00 ms.
Unloading 11 Unused Serialized files (Serialized files now loaded: 0)
System memory in use before: 65.4 MB.
System memory in use after: 65.4 MB.

Unloading 11 unused Assets to reduce memory usage. Loaded Objects now: 2518.
Total: 1.725400 ms (FindLiveObjects: 0.173800 ms CreateObjectMapping: 0.062500 ms MarkObjects: 1.383000 ms  DeleteObjects: 0.105400 ms)

========================================================================
Received Prepare
Registering precompiled user dll's ...
Registered in 0.003085 seconds.
Begin MonoManager ReloadAssembly
Native extension for LinuxStandalone target not found
Native extension for WindowsStandalone target not found
Refreshing native plugins compatible for Editor in 0.66 ms, found 0 plugins.
Preloading 0 native plugins for Editor in 0.00 ms.
Mono: successfully reloaded assembly
- Completed reload, in  0.712 seconds
Platform modules already initialized, skipping
Refreshing native plugins compatible for Editor in 0.39 ms, found 0 plugins.
Preloading 0 native plugins for Editor in 0.00 ms.
Unloading 1999 Unused Serialized files (Serialized files now loaded: 0)
System memory in use before: 105.2 MB.
System memory in use after: 105.2 MB.

Unloading 13 unused Assets to reduce memory usage. Loaded Objects now: 2521.
Total: 1.729700 ms (FindLiveObjects: 0.185700 ms CreateObjectMapping: 0.069200 ms MarkObjects: 1.368800 ms  DeleteObjects: 0.105200 ms)

AssetImportWorkerClient::OnTransportError - code=2 error=End of file
