Using pre-set license
Built from '2020.3/staging' branch; Version is '2020.3.9f1 (108be757e447) revision 1084391'; Using compiler version '192528614'; Build Type 'Release'
OS: 'Windows 10 Pro; OS build 19043.1526; Version 2009; 64bit' Language: 'en' Physical Memory: 32686 MB
BatchMode: 1, IsHumanControllingUs: 0, StartBugReporterOnCrash: 0, Is64bit: 1, IsPro: 0

 COMMAND LINE ARGUMENTS:
C:\Program Files\Unity\Hub\Editor\2020.3.9f1\Editor\Unity.exe
-adb2
-batchMode
-noUpm
-name
AssetImportWorker2
-projectPath
C:/Users/Kyle/Desktop/F20GP-Prototype/Ratcatcher
-logFile
Logs/AssetImportWorker2.log
-srvPort
63297
Successfully changed project path to: C:/Users/Kyle/Desktop/F20GP-Prototype/Ratcatcher
C:/Users/Kyle/Desktop/F20GP-Prototype/Ratcatcher
Using Asset Import Pipeline V2.
Refreshing native plugins compatible for Editor in 24.39 ms, found 0 plugins.
Preloading 0 native plugins for Editor in 0.00 ms.
Initialize engine version: 2020.3.9f1 (108be757e447)
[Subsystems] Discovering subsystems at path C:/Program Files/Unity/Hub/Editor/2020.3.9f1/Editor/Data/Resources/UnitySubsystems
[Subsystems] Discovering subsystems at path C:/Users/Kyle/Desktop/F20GP-Prototype/Ratcatcher/Assets
GfxDevice: creating device client; threaded=0
Direct3D:
    Version:  Direct3D 11.0 [level 11.1]
    Renderer: NVIDIA GeForce GTX 980 Ti (ID=0x17c8)
    Vendor:   
    VRAM:     6097 MB
    Driver:   30.0.15.1123
Initialize mono
Mono path[0] = 'C:/Program Files/Unity/Hub/Editor/2020.3.9f1/Editor/Data/Managed'
Mono path[1] = 'C:/Program Files/Unity/Hub/Editor/2020.3.9f1/Editor/Data/MonoBleedingEdge/lib/mono/unityjit'
Mono config path = 'C:/Program Files/Unity/Hub/Editor/2020.3.9f1/Editor/Data/MonoBleedingEdge/etc'
Using monoOptions --debugger-agent=transport=dt_socket,embedding=1,server=y,suspend=n,address=127.0.0.1:56416
Begin MonoManager ReloadAssembly
Registering precompiled unity dll's ...
Register platform support module: C:/Program Files/Unity/Hub/Editor/2020.3.9f1/Editor/Data/PlaybackEngines/WindowsStandaloneSupport/UnityEditor.WindowsStandalone.Extensions.dll
Registered in 0.001375 seconds.
Native extension for WindowsStandalone target not found
Refreshing native plugins compatible for Editor in 24.43 ms, found 0 plugins.
Preloading 0 native plugins for Editor in 0.00 ms.
Mono: successfully reloaded assembly
- Completed reload, in  0.838 seconds
Platform modules already initialized, skipping
Registering precompiled user dll's ...
Registered in 0.000559 seconds.
Begin MonoManager ReloadAssembly
Native extension for WindowsStandalone target not found
Refreshing native plugins compatible for Editor in 0.25 ms, found 0 plugins.
Preloading 0 native plugins for Editor in 0.00 ms.
Mono: successfully reloaded assembly
- Completed reload, in  0.651 seconds
Platform modules already initialized, skipping
========================================================================
Worker process is ready to serve import requests
Launched and connected shader compiler UnityShaderCompiler.exe after 0.03 seconds
Refreshing native plugins compatible for Editor in 0.24 ms, found 0 plugins.
Preloading 0 native plugins for Editor in 0.00 ms.
Unloading 1515 Unused Serialized files (Serialized files now loaded: 0)
System memory in use before: 89.5 MB.
System memory in use after: 89.6 MB.

Unloading 9 unused Assets to reduce memory usage. Loaded Objects now: 1980.
Total: 1.338100 ms (FindLiveObjects: 0.133100 ms CreateObjectMapping: 0.043100 ms MarkObjects: 1.110800 ms  DeleteObjects: 0.050300 ms)

========================================================================
Received Import Request.
  path: Assets/Prefabs/Rat.prefab
  artifactKey: Guid(146a1199cb3077b45b4819f611029fd6) Importer(815301076,1909f56bfc062723c751e8b465ee728b)
Start importing Assets/Prefabs/Rat.prefab using Guid(146a1199cb3077b45b4819f611029fd6) Importer(815301076,1909f56bfc062723c751e8b465ee728b)  -> (artifact id: '55fc002baaffb5196d2ab4c5b0201454') in 0.077537 seconds
  Import took 0.079782 seconds .

========================================================================
Received Import Request.
  Time since last request: 0.000156 seconds.
  path: Assets/Prefabs/RatNest.prefab
  artifactKey: Guid(3b10e41c60675cc4194b29e41c34ad8e) Importer(815301076,1909f56bfc062723c751e8b465ee728b)
Start importing Assets/Prefabs/RatNest.prefab using Guid(3b10e41c60675cc4194b29e41c34ad8e) Importer(815301076,1909f56bfc062723c751e8b465ee728b)  -> (artifact id: '41b2dd5838084f1da3e84a0a028c0002') in 0.007707 seconds
  Import took 0.009825 seconds .

========================================================================
Received Import Request.
  Time since last request: 7.476053 seconds.
  path: Assets/Prefabs/Rat.prefab
  artifactKey: Guid(146a1199cb3077b45b4819f611029fd6) Importer(815301076,1909f56bfc062723c751e8b465ee728b)
Start importing Assets/Prefabs/Rat.prefab using Guid(146a1199cb3077b45b4819f611029fd6) Importer(815301076,1909f56bfc062723c751e8b465ee728b)  -> (artifact id: 'b077fe6a6b642b6e62a7becbba853ec9') in 0.006098 seconds
  Import took 0.008155 seconds .

========================================================================
Received Prepare
Registering precompiled user dll's ...
Registered in 0.000530 seconds.
Begin MonoManager ReloadAssembly
Native extension for WindowsStandalone target not found
Refreshing native plugins compatible for Editor in 0.27 ms, found 0 plugins.
Preloading 0 native plugins for Editor in 0.00 ms.
Mono: successfully reloaded assembly
- Completed reload, in  0.688 seconds
Platform modules already initialized, skipping
Refreshing native plugins compatible for Editor in 0.31 ms, found 0 plugins.
Preloading 0 native plugins for Editor in 0.00 ms.
Unloading 1474 Unused Serialized files (Serialized files now loaded: 0)
System memory in use before: 89.1 MB.
System memory in use after: 89.2 MB.

Unloading 6 unused Assets to reduce memory usage. Loaded Objects now: 1992.
Total: 1.680500 ms (FindLiveObjects: 0.147700 ms CreateObjectMapping: 0.046800 ms MarkObjects: 1.422300 ms  DeleteObjects: 0.062200 ms)

========================================================================
Received Import Request.
  Time since last request: 14.254812 seconds.
  path: Assets/Prefabs/Rat.prefab
  artifactKey: Guid(146a1199cb3077b45b4819f611029fd6) Importer(815301076,1909f56bfc062723c751e8b465ee728b)
Start importing Assets/Prefabs/Rat.prefab using Guid(146a1199cb3077b45b4819f611029fd6) Importer(815301076,1909f56bfc062723c751e8b465ee728b)  -> (artifact id: '05543d4f64585cf67076241bade62f46') in 0.047432 seconds
  Import took 0.049772 seconds .

